[2022-11-23 01:37:43] local.ERROR: Command "db:" is ambiguous.
Did you mean one of these?
    db:monitor Monitor the number of connections on the specified database
    db:show    Display information about the given database
    db:table   Display information about the given database table
    db:wipe    Drop all tables, views, and types
    db:seed    Seed the database with records. {"exception":"[object] (Symfony\\Component\\Console\\Exception\\CommandNotFoundException(code: 0): Command \"db:\" is ambiguous.
Did you mean one of these?
    db:monitor Monitor the number of connections on the specified database
    db:show    Display information about the given database
    db:table   Display information about the given database table
    db:wipe    Drop all tables, views, and types
    db:seed    Seed the database with records. at D:\\laravel\\src\\MataKuliah\\vendor\\symfony\\console\\Application.php:735)
[stacktrace]
#0 D:\\laravel\\src\\MataKuliah\\vendor\\symfony\\console\\Application.php(259): Symfony\\Component\\Console\\Application->find('db:')
#1 D:\\laravel\\src\\MataKuliah\\vendor\\symfony\\console\\Application.php(171): Symfony\\Component\\Console\\Application->doRun(Object(Symfony\\Component\\Console\\Input\\ArgvInput), Object(Symfony\\Component\\Console\\Output\\ConsoleOutput))
#2 D:\\laravel\\src\\MataKuliah\\vendor\\laravel\\framework\\src\\Illuminate\\Console\\Application.php(102): Symfony\\Component\\Console\\Application->run(Object(Symfony\\Component\\Console\\Input\\ArgvInput), Object(Symfony\\Component\\Console\\Output\\ConsoleOutput))
#3 D:\\laravel\\src\\MataKuliah\\vendor\\laravel\\framework\\src\\Illuminate\\Foundation\\Console\\Kernel.php(155): Illuminate\\Console\\Application->run(Object(Symfony\\Component\\Console\\Input\\ArgvInput), Object(Symfony\\Component\\Console\\Output\\ConsoleOutput))
#4 D:\\laravel\\src\\MataKuliah\\artisan(37): Illuminate\\Foundation\\Console\\Kernel->handle(Object(Symfony\\Component\\Console\\Input\\ArgvInput), Object(Symfony\\Component\\Console\\Output\\ConsoleOutput))
#5 {main}
"} 
[2022-11-23 01:37:53] local.ERROR: SQLSTATE[23000]: Integrity constraint violation: 1062 Duplicate entry 'IF647' for key 'mata_kuliahs_kode_mk_unique' (SQL: insert into `mata_kuliahs` (`kode_mk`, `nama_mk`, `sks`, `nama_dosen`, `updated_at`, `created_at`) values (IF647, Sistem Informasi Akuntansi dan Keuangan, 4, Harjo Yuniar, 2022-11-23 01:37:53, 2022-11-23 01:37:53)) {"exception":"[object] (Illuminate\\Database\\QueryException(code: 23000): SQLSTATE[23000]: Integrity constraint violation: 1062 Duplicate entry 'IF647' for key 'mata_kuliahs_kode_mk_unique' (SQL: insert into `mata_kuliahs` (`kode_mk`, `nama_mk`, `sks`, `nama_dosen`, `updated_at`, `created_at`) values (IF647, Sistem Informasi Akuntansi dan Keuangan, 4, Harjo Yuniar, 2022-11-23 01:37:53, 2022-11-23 01:37:53)) at D:\\laravel\\src\\MataKuliah\\vendor\\laravel\\framework\\src\\Illuminate\\Database\\Connection.php:760)
[stacktrace]
#0 D:\\laravel\\src\\MataKuliah\\vendor\\laravel\\framework\\src\\Illuminate\\Database\\Connection.php(720): Illuminate\\Database\\Connection->runQueryCallback('insert into `ma...', Array, Object(Closure))
#1 D:\\laravel\\src\\MataKuliah\\vendor\\laravel\\framework\\src\\Illuminate\\Database\\Connection.php(546): Illuminate\\Database\\Connection->run('insert into `ma...', Array, Object(Closure))
#2 D:\\laravel\\src\\MataKuliah\\vendor\\laravel\\framework\\src\\Illuminate\\Database\\Connection.php(498): Illuminate\\Database\\Connection->statement('insert into `ma...', Array)
#3 D:\\laravel\\src\\MataKuliah\\vendor\\laravel\\framework\\src\\Illuminate\\Database\\Query\\Processors\\Processor.php(32): Illuminate\\Database\\Connection->insert('insert into `ma...', Array)
#4 D:\\laravel\\src\\MataKuliah\\vendor\\laravel\\framework\\src\\Illuminate\\Database\\Query\\Builder.php(3266): Illuminate\\Database\\Query\\Processors\\Processor->processInsertGetId(Object(Illuminate\\Database\\Query\\Builder), 'insert into `ma...', Array, 'id')
#5 D:\\laravel\\src\\MataKuliah\\vendor\\laravel\\framework\\src\\Illuminate\\Database\\Eloquent\\Builder.php(1861): Illuminate\\Database\\Query\\Builder->insertGetId(Array, 'id')
#6 D:\\laravel\\src\\MataKuliah\\vendor\\laravel\\framework\\src\\Illuminate\\Database\\Eloquent\\Model.php(1322): Illuminate\\Database\\Eloquent\\Builder->__call('insertGetId', Array)
#7 D:\\laravel\\src\\MataKuliah\\vendor\\laravel\\framework\\src\\Illuminate\\Database\\Eloquent\\Model.php(1287): Illuminate\\Database\\Eloquent\\Model->insertAndSetId(Object(Illuminate\\Database\\Eloquent\\Builder), Array)
#8 D:\\laravel\\src\\MataKuliah\\vendor\\laravel\\framework\\src\\Illuminate\\Database\\Eloquent\\Model.php(1128): Illuminate\\Database\\Eloquent\\Model->performInsert(Object(Illuminate\\Database\\Eloquent\\Builder))
#9 D:\\laravel\\src\\MataKuliah\\vendor\\laravel\\framework\\src\\Illuminate\\Database\\Eloquent\\Factories\\Factory.php(329): Illuminate\\Database\\Eloquent\\Model->save()
#10 D:\\laravel\\src\\MataKuliah\\vendor\\laravel\\framework\\src\\Illuminate\\Collections\\Traits\\EnumeratesValues.php(236): Illuminate\\Database\\Eloquent\\Factories\\Factory->Illuminate\\Database\\Eloquent\\Factories\\{closure}(Object(App\\Models\\MataKuliah), 19)
#11 D:\\laravel\\src\\MataKuliah\\vendor\\laravel\\framework\\src\\Illuminate\\Database\\Eloquent\\Factories\\Factory.php(332): Illuminate\\Support\\Collection->each(Object(Closure))
#12 D:\\laravel\\src\\MataKuliah\\vendor\\laravel\\framework\\src\\Illuminate\\Database\\Eloquent\\Factories\\Factory.php(282): Illuminate\\Database\\Eloquent\\Factories\\Factory->store(Object(Illuminate\\Database\\Eloquent\\Collection))
#13 D:\\laravel\\src\\MataKuliah\\database\\seeders\\DatabaseSeeder.php(19): Illuminate\\Database\\Eloquent\\Factories\\Factory->create()
#14 D:\\laravel\\src\\MataKuliah\\vendor\\laravel\\framework\\src\\Illuminate\\Container\\BoundMethod.php(36): Database\\Seeders\\DatabaseSeeder->run()
#15 D:\\laravel\\src\\MataKuliah\\vendor\\laravel\\framework\\src\\Illuminate\\Container\\Util.php(41): Illuminate\\Container\\BoundMethod::Illuminate\\Container\\{closure}()
#16 D:\\laravel\\src\\MataKuliah\\vendor\\laravel\\framework\\src\\Illuminate\\Container\\BoundMethod.php(93): Illuminate\\Container\\Util::unwrapIfClosure(Object(Closure))
#17 D:\\laravel\\src\\MataKuliah\\vendor\\laravel\\framework\\src\\Illuminate\\Container\\BoundMethod.php(37): Illuminate\\Container\\BoundMethod::callBoundMethod(Object(Illuminate\\Foundation\\Application), Array, Object(Closure))
#18 D:\\laravel\\src\\MataKuliah\\vendor\\laravel\\framework\\src\\Illuminate\\Container\\Container.php(651): Illuminate\\Container\\BoundMethod::call(Object(Illuminate\\Foundation\\Application), Array, Array, NULL)
#19 D:\\laravel\\src\\MataKuliah\\vendor\\laravel\\framework\\src\\Illuminate\\Database\\Seeder.php(184): Illuminate\\Container\\Container->call(Array, Array)
#20 D:\\laravel\\src\\MataKuliah\\vendor\\laravel\\framework\\src\\Illuminate\\Database\\Seeder.php(193): Illuminate\\Database\\Seeder->Illuminate\\Database\\{closure}()
#21 D:\\laravel\\src\\MataKuliah\\vendor\\laravel\\framework\\src\\Illuminate\\Database\\Console\\Seeds\\SeedCommand.php(81): Illuminate\\Database\\Seeder->__invoke()
#22 D:\\laravel\\src\\MataKuliah\\vendor\\laravel\\framework\\src\\Illuminate\\Database\\Eloquent\\Concerns\\GuardsAttributes.php(155): Illuminate\\Database\\Console\\Seeds\\SeedCommand->Illuminate\\Database\\Console\\Seeds\\{closure}()
#23 D:\\laravel\\src\\MataKuliah\\vendor\\laravel\\framework\\src\\Illuminate\\Database\\Console\\Seeds\\SeedCommand.php(82): Illuminate\\Database\\Eloquent\\Model::unguarded(Object(Closure))
#24 D:\\laravel\\src\\MataKuliah\\vendor\\laravel\\framework\\src\\Illuminate\\Container\\BoundMethod.php(36): Illuminate\\Database\\Console\\Seeds\\SeedCommand->handle()
#25 D:\\laravel\\src\\MataKuliah\\vendor\\laravel\\framework\\src\\Illuminate\\Container\\Util.php(41): Illuminate\\Container\\BoundMethod::Illuminate\\Container\\{closure}()
#26 D:\\laravel\\src\\MataKuliah\\vendor\\laravel\\framework\\src\\Illuminate\\Container\\BoundMethod.php(93): Illuminate\\Container\\Util::unwrapIfClosure(Object(Closure))
#27 D:\\laravel\\src\\MataKuliah\\vendor\\laravel\\framework\\src\\Illuminate\\Container\\BoundMethod.php(37): Illuminate\\Container\\BoundMethod::callBoundMethod(Object(Illuminate\\Foundation\\Application), Array, Object(Closure))
#28 D:\\laravel\\src\\MataKuliah\\vendor\\laravel\\framework\\src\\Illuminate\\Container\\Container.php(651): Illuminate\\Container\\BoundMethod::call(Object(Illuminate\\Foundation\\Application), Array, Array, NULL)
#29 D:\\laravel\\src\\MataKuliah\\vendor\\laravel\\framework\\src\\Illuminate\\Console\\Command.php(178): Illuminate\\Container\\Container->call(Array)
#30 D:\\laravel\\src\\MataKuliah\\vendor\\symfony\\console\\Command\\Command.php(308): Illuminate\\Console\\Command->execute(Object(Symfony\\Component\\Console\\Input\\ArgvInput), Object(Illuminate\\Console\\OutputStyle))
#31 D:\\laravel\\src\\MataKuliah\\vendor\\laravel\\framework\\src\\Illuminate\\Console\\Command.php(148): Symfony\\Component\\Console\\Command\\Command->run(Object(Symfony\\Component\\Console\\Input\\ArgvInput), Object(Illuminate\\Console\\OutputStyle))
#32 D:\\laravel\\src\\MataKuliah\\vendor\\symfony\\console\\Application.php(1014): Illuminate\\Console\\Command->run(Object(Symfony\\Component\\Console\\Input\\ArgvInput), Object(Symfony\\Component\\Console\\Output\\ConsoleOutput))
#33 D:\\laravel\\src\\MataKuliah\\vendor\\symfony\\console\\Application.php(301): Symfony\\Component\\Console\\Application->doRunCommand(Object(Illuminate\\Database\\Console\\Seeds\\SeedCommand), Object(Symfony\\Component\\Console\\Input\\ArgvInput), Object(Symfony\\Component\\Console\\Output\\ConsoleOutput))
#34 D:\\laravel\\src\\MataKuliah\\vendor\\symfony\\console\\Application.php(171): Symfony\\Component\\Console\\Application->doRun(Object(Symfony\\Component\\Console\\Input\\ArgvInput), Object(Symfony\\Component\\Console\\Output\\ConsoleOutput))
#35 D:\\laravel\\src\\MataKuliah\\vendor\\laravel\\framework\\src\\Illuminate\\Console\\Application.php(102): Symfony\\Component\\Console\\Application->run(Object(Symfony\\Component\\Console\\Input\\ArgvInput), Object(Symfony\\Component\\Console\\Output\\ConsoleOutput))
#36 D:\\laravel\\src\\MataKuliah\\vendor\\laravel\\framework\\src\\Illuminate\\Foundation\\Console\\Kernel.php(155): Illuminate\\Console\\Application->run(Object(Symfony\\Component\\Console\\Input\\ArgvInput), Object(Symfony\\Component\\Console\\Output\\ConsoleOutput))
#37 D:\\laravel\\src\\MataKuliah\\artisan(37): Illuminate\\Foundation\\Console\\Kernel->handle(Object(Symfony\\Component\\Console\\Input\\ArgvInput), Object(Symfony\\Component\\Console\\Output\\ConsoleOutput))
#38 {main}

[previous exception] [object] (PDOException(code: 23000): SQLSTATE[23000]: Integrity constraint violation: 1062 Duplicate entry 'IF647' for key 'mata_kuliahs_kode_mk_unique' at D:\\laravel\\src\\MataKuliah\\vendor\\laravel\\framework\\src\\Illuminate\\Database\\Connection.php:545)
[stacktrace]
#0 D:\\laravel\\src\\MataKuliah\\vendor\\laravel\\framework\\src\\Illuminate\\Database\\Connection.php(545): PDOStatement->execute()
#1 D:\\laravel\\src\\MataKuliah\\vendor\\laravel\\framework\\src\\Illuminate\\Database\\Connection.php(753): Illuminate\\Database\\Connection->Illuminate\\Database\\{closure}('insert into `ma...', Array)
#2 D:\\laravel\\src\\MataKuliah\\vendor\\laravel\\framework\\src\\Illuminate\\Database\\Connection.php(720): Illuminate\\Database\\Connection->runQueryCallback('insert into `ma...', Array, Object(Closure))
#3 D:\\laravel\\src\\MataKuliah\\vendor\\laravel\\framework\\src\\Illuminate\\Database\\Connection.php(546): Illuminate\\Database\\Connection->run('insert into `ma...', Array, Object(Closure))
#4 D:\\laravel\\src\\MataKuliah\\vendor\\laravel\\framework\\src\\Illuminate\\Database\\Connection.php(498): Illuminate\\Database\\Connection->statement('insert into `ma...', Array)
#5 D:\\laravel\\src\\MataKuliah\\vendor\\laravel\\framework\\src\\Illuminate\\Database\\Query\\Processors\\Processor.php(32): Illuminate\\Database\\Connection->insert('insert into `ma...', Array)
#6 D:\\laravel\\src\\MataKuliah\\vendor\\laravel\\framework\\src\\Illuminate\\Database\\Query\\Builder.php(3266): Illuminate\\Database\\Query\\Processors\\Processor->processInsertGetId(Object(Illuminate\\Database\\Query\\Builder), 'insert into `ma...', Array, 'id')
#7 D:\\laravel\\src\\MataKuliah\\vendor\\laravel\\framework\\src\\Illuminate\\Database\\Eloquent\\Builder.php(1861): Illuminate\\Database\\Query\\Builder->insertGetId(Array, 'id')
#8 D:\\laravel\\src\\MataKuliah\\vendor\\laravel\\framework\\src\\Illuminate\\Database\\Eloquent\\Model.php(1322): Illuminate\\Database\\Eloquent\\Builder->__call('insertGetId', Array)
#9 D:\\laravel\\src\\MataKuliah\\vendor\\laravel\\framework\\src\\Illuminate\\Database\\Eloquent\\Model.php(1287): Illuminate\\Database\\Eloquent\\Model->insertAndSetId(Object(Illuminate\\Database\\Eloquent\\Builder), Array)
#10 D:\\laravel\\src\\MataKuliah\\vendor\\laravel\\framework\\src\\Illuminate\\Database\\Eloquent\\Model.php(1128): Illuminate\\Database\\Eloquent\\Model->performInsert(Object(Illuminate\\Database\\Eloquent\\Builder))
#11 D:\\laravel\\src\\MataKuliah\\vendor\\laravel\\framework\\src\\Illuminate\\Database\\Eloquent\\Factories\\Factory.php(329): Illuminate\\Database\\Eloquent\\Model->save()
#12 D:\\laravel\\src\\MataKuliah\\vendor\\laravel\\framework\\src\\Illuminate\\Collections\\Traits\\EnumeratesValues.php(236): Illuminate\\Database\\Eloquent\\Factories\\Factory->Illuminate\\Database\\Eloquent\\Factories\\{closure}(Object(App\\Models\\MataKuliah), 19)
#13 D:\\laravel\\src\\MataKuliah\\vendor\\laravel\\framework\\src\\Illuminate\\Database\\Eloquent\\Factories\\Factory.php(332): Illuminate\\Support\\Collection->each(Object(Closure))
#14 D:\\laravel\\src\\MataKuliah\\vendor\\laravel\\framework\\src\\Illuminate\\Database\\Eloquent\\Factories\\Factory.php(282): Illuminate\\Database\\Eloquent\\Factories\\Factory->store(Object(Illuminate\\Database\\Eloquent\\Collection))
#15 D:\\laravel\\src\\MataKuliah\\database\\seeders\\DatabaseSeeder.php(19): Illuminate\\Database\\Eloquent\\Factories\\Factory->create()
#16 D:\\laravel\\src\\MataKuliah\\vendor\\laravel\\framework\\src\\Illuminate\\Container\\BoundMethod.php(36): Database\\Seeders\\DatabaseSeeder->run()
#17 D:\\laravel\\src\\MataKuliah\\vendor\\laravel\\framework\\src\\Illuminate\\Container\\Util.php(41): Illuminate\\Container\\BoundMethod::Illuminate\\Container\\{closure}()
#18 D:\\laravel\\src\\MataKuliah\\vendor\\laravel\\framework\\src\\Illuminate\\Container\\BoundMethod.php(93): Illuminate\\Container\\Util::unwrapIfClosure(Object(Closure))
#19 D:\\laravel\\src\\MataKuliah\\vendor\\laravel\\framework\\src\\Illuminate\\Container\\BoundMethod.php(37): Illuminate\\Container\\BoundMethod::callBoundMethod(Object(Illuminate\\Foundation\\Application), Array, Object(Closure))
#20 D:\\laravel\\src\\MataKuliah\\vendor\\laravel\\framework\\src\\Illuminate\\Container\\Container.php(651): Illuminate\\Container\\BoundMethod::call(Object(Illuminate\\Foundation\\Application), Array, Array, NULL)
#21 D:\\laravel\\src\\MataKuliah\\vendor\\laravel\\framework\\src\\Illuminate\\Database\\Seeder.php(184): Illuminate\\Container\\Container->call(Array, Array)
#22 D:\\laravel\\src\\MataKuliah\\vendor\\laravel\\framework\\src\\Illuminate\\Database\\Seeder.php(193): Illuminate\\Database\\Seeder->Illuminate\\Database\\{closure}()
#23 D:\\laravel\\src\\MataKuliah\\vendor\\laravel\\framework\\src\\Illuminate\\Database\\Console\\Seeds\\SeedCommand.php(81): Illuminate\\Database\\Seeder->__invoke()
#24 D:\\laravel\\src\\MataKuliah\\vendor\\laravel\\framework\\src\\Illuminate\\Database\\Eloquent\\Concerns\\GuardsAttributes.php(155): Illuminate\\Database\\Console\\Seeds\\SeedCommand->Illuminate\\Database\\Console\\Seeds\\{closure}()
#25 D:\\laravel\\src\\MataKuliah\\vendor\\laravel\\framework\\src\\Illuminate\\Database\\Console\\Seeds\\SeedCommand.php(82): Illuminate\\Database\\Eloquent\\Model::unguarded(Object(Closure))
#26 D:\\laravel\\src\\MataKuliah\\vendor\\laravel\\framework\\src\\Illuminate\\Container\\BoundMethod.php(36): Illuminate\\Database\\Console\\Seeds\\SeedCommand->handle()
#27 D:\\laravel\\src\\MataKuliah\\vendor\\laravel\\framework\\src\\Illuminate\\Container\\Util.php(41): Illuminate\\Container\\BoundMethod::Illuminate\\Container\\{closure}()
#28 D:\\laravel\\src\\MataKuliah\\vendor\\laravel\\framework\\src\\Illuminate\\Container\\BoundMethod.php(93): Illuminate\\Container\\Util::unwrapIfClosure(Object(Closure))
#29 D:\\laravel\\src\\MataKuliah\\vendor\\laravel\\framework\\src\\Illuminate\\Container\\BoundMethod.php(37): Illuminate\\Container\\BoundMethod::callBoundMethod(Object(Illuminate\\Foundation\\Application), Array, Object(Closure))
#30 D:\\laravel\\src\\MataKuliah\\vendor\\laravel\\framework\\src\\Illuminate\\Container\\Container.php(651): Illuminate\\Container\\BoundMethod::call(Object(Illuminate\\Foundation\\Application), Array, Array, NULL)
#31 D:\\laravel\\src\\MataKuliah\\vendor\\laravel\\framework\\src\\Illuminate\\Console\\Command.php(178): Illuminate\\Container\\Container->call(Array)
#32 D:\\laravel\\src\\MataKuliah\\vendor\\symfony\\console\\Command\\Command.php(308): Illuminate\\Console\\Command->execute(Object(Symfony\\Component\\Console\\Input\\ArgvInput), Object(Illuminate\\Console\\OutputStyle))
#33 D:\\laravel\\src\\MataKuliah\\vendor\\laravel\\framework\\src\\Illuminate\\Console\\Command.php(148): Symfony\\Component\\Console\\Command\\Command->run(Object(Symfony\\Component\\Console\\Input\\ArgvInput), Object(Illuminate\\Console\\OutputStyle))
#34 D:\\laravel\\src\\MataKuliah\\vendor\\symfony\\console\\Application.php(1014): Illuminate\\Console\\Command->run(Object(Symfony\\Component\\Console\\Input\\ArgvInput), Object(Symfony\\Component\\Console\\Output\\ConsoleOutput))
#35 D:\\laravel\\src\\MataKuliah\\vendor\\symfony\\console\\Application.php(301): Symfony\\Component\\Console\\Application->doRunCommand(Object(Illuminate\\Database\\Console\\Seeds\\SeedCommand), Object(Symfony\\Component\\Console\\Input\\ArgvInput), Object(Symfony\\Component\\Console\\Output\\ConsoleOutput))
#36 D:\\laravel\\src\\MataKuliah\\vendor\\symfony\\console\\Application.php(171): Symfony\\Component\\Console\\Application->doRun(Object(Symfony\\Component\\Console\\Input\\ArgvInput), Object(Symfony\\Component\\Console\\Output\\ConsoleOutput))
#37 D:\\laravel\\src\\MataKuliah\\vendor\\laravel\\framework\\src\\Illuminate\\Console\\Application.php(102): Symfony\\Component\\Console\\Application->run(Object(Symfony\\Component\\Console\\Input\\ArgvInput), Object(Symfony\\Component\\Console\\Output\\ConsoleOutput))
#38 D:\\laravel\\src\\MataKuliah\\vendor\\laravel\\framework\\src\\Illuminate\\Foundation\\Console\\Kernel.php(155): Illuminate\\Console\\Application->run(Object(Symfony\\Component\\Console\\Input\\ArgvInput), Object(Symfony\\Component\\Console\\Output\\ConsoleOutput))
#39 D:\\laravel\\src\\MataKuliah\\artisan(37): Illuminate\\Foundation\\Console\\Kernel->handle(Object(Symfony\\Component\\Console\\Input\\ArgvInput), Object(Symfony\\Component\\Console\\Output\\ConsoleOutput))
#40 {main}
"} 
